<?xml version="1.0" encoding="UTF-8"?>
<robot generator="Robot 7.3.2 (Python 3.13.9 on linux)" generated="2025-12-04T02:53:01.010913" rpa="false" schemaversion="5">
<suite id="s1" name="Test" source="/home/ual1/Coding/KBTU/SoftwareTesting/Practices/Assignment_2/testCases/test.robot">
<test id="s1-t1" name="DEMOBLAZE_TEST_CHROME" line="16">
<kw name="Set Variable" owner="BuiltIn">
<msg time="2025-12-04T02:53:01.185411" level="INFO">${BROWSER} = Chrome</msg>
<var>${BROWSER}</var>
<arg>Chrome</arg>
<doc>Returns the given values which can then be assigned to a variables.</doc>
<status status="PASS" start="2025-12-04T02:53:01.185157" elapsed="0.000302"/>
</kw>
<kw name="Set Variable" owner="BuiltIn">
<msg time="2025-12-04T02:53:01.185919" level="INFO">${USERNAME_VARIABLE} = uali_amangaliyev_999</msg>
<var>${USERNAME_VARIABLE}</var>
<arg>${CHROME_USERNAME}</arg>
<doc>Returns the given values which can then be assigned to a variables.</doc>
<status status="PASS" start="2025-12-04T02:53:01.185703" elapsed="0.000251"/>
</kw>
<kw name="Sign Up" owner="resources">
<kw name="Open Browser" owner="SeleniumLibrary">
<msg time="2025-12-04T02:53:01.186876" level="INFO">Opening browser 'Chrome' to base url 'https://www.demoblaze.com/'.</msg>
<arg>${baseUrl}</arg>
<arg>browser=${BROWSER}</arg>
<doc>Opens a new browser instance to the optional ``url``.</doc>
<status status="PASS" start="2025-12-04T02:53:01.186577" elapsed="6.389770"/>
</kw>
<kw name="Maximize Browser Window" owner="SeleniumLibrary">
<doc>Maximizes current browser window.</doc>
<status status="PASS" start="2025-12-04T02:53:07.576737" elapsed="0.047225"/>
</kw>
<kw name="Wait Until Page Contains Element" owner="SeleniumLibrary">
<arg>${signUpButton}</arg>
<arg>timeout=100</arg>
<arg>error=signUpButtonNotFound</arg>
<doc>Waits until the element ``locator`` appears on the current page.</doc>
<status status="PASS" start="2025-12-04T02:53:07.624448" elapsed="0.039525"/>
</kw>
<kw name="Sleep" owner="BuiltIn">
<msg time="2025-12-04T02:53:10.665193" level="INFO">Slept 3 seconds.</msg>
<arg>3s</arg>
<doc>Pauses the test executed for the given time.</doc>
<status status="PASS" start="2025-12-04T02:53:07.664380" elapsed="3.001070"/>
</kw>
<kw name="Click Element" owner="SeleniumLibrary">
<msg time="2025-12-04T02:53:10.666595" level="INFO">Clicking element '//*[@id="signin2"]'.</msg>
<arg>${signUpButton}</arg>
<doc>Click the element identified by ``locator``.</doc>
<status status="PASS" start="2025-12-04T02:53:10.665930" elapsed="0.108782"/>
</kw>
<kw name="Wait Until Page Contains Element" owner="SeleniumLibrary">
<arg>${signUpUsernameField}</arg>
<arg>timeout=100</arg>
<arg>error=usernameFieldNotFound</arg>
<doc>Waits until the element ``locator`` appears on the current page.</doc>
<status status="PASS" start="2025-12-04T02:53:10.775066" elapsed="0.025183"/>
</kw>
<kw name="Sleep" owner="BuiltIn">
<msg time="2025-12-04T02:53:13.801603" level="INFO">Slept 3 seconds.</msg>
<arg>3s</arg>
<doc>Pauses the test executed for the given time.</doc>
<status status="PASS" start="2025-12-04T02:53:10.800836" elapsed="3.001190"/>
</kw>
<kw name="Input Text" owner="SeleniumLibrary">
<msg time="2025-12-04T02:53:13.803624" level="INFO">Typing text 'uali_amangaliyev_999' into text field '//*[@id="sign-username"]'.</msg>
<arg>${signUpUsernameField}</arg>
<arg>${USERNAME_VARIABLE}</arg>
<doc>Types the given ``text`` into the text field identified by ``locator``.</doc>
<status status="PASS" start="2025-12-04T02:53:13.802672" elapsed="0.206632"/>
</kw>
<kw name="Input Password" owner="SeleniumLibrary">
<msg time="2025-12-04T02:53:14.010044" level="INFO">Typing password into text field '//*[@id="sign-password"]'.</msg>
<msg time="2025-12-04T02:53:14.081035" level="INFO">Temporally setting log level to: NONE</msg>
<arg>${signUpPasswordField}</arg>
<arg>${password}</arg>
<doc>Types the given password into the text field identified by ``locator``.</doc>
<status status="PASS" start="2025-12-04T02:53:14.009618" elapsed="0.168149"/>
</kw>
<kw name="Sleep" owner="BuiltIn">
<msg time="2025-12-04T02:53:17.179199" level="INFO">Slept 3 seconds.</msg>
<arg>3s</arg>
<doc>Pauses the test executed for the given time.</doc>
<status status="PASS" start="2025-12-04T02:53:14.178400" elapsed="3.000991"/>
</kw>
<kw name="Click Element" owner="SeleniumLibrary">
<msg time="2025-12-04T02:53:17.180104" level="INFO">Clicking element '//*[@id="signInModal"]/div/div/div[3]/button[2]'.</msg>
<arg>${signUpFromSubmitButton}</arg>
<doc>Click the element identified by ``locator``.</doc>
<status status="PASS" start="2025-12-04T02:53:17.179692" elapsed="0.093172"/>
</kw>
<kw name="Sleep" owner="BuiltIn">
<msg time="2025-12-04T02:53:19.273495" level="INFO">Slept 2 seconds.</msg>
<arg>2s</arg>
<doc>Pauses the test executed for the given time.</doc>
<status status="PASS" start="2025-12-04T02:53:17.273079" elapsed="2.000717"/>
</kw>
<status status="PASS" start="2025-12-04T02:53:01.186240" elapsed="18.087831"/>
</kw>
<kw name="Log In" owner="resources">
<kw name="Open Browser" owner="SeleniumLibrary">
<msg time="2025-12-04T02:53:19.276348" level="INFO">Opening browser 'Chrome' to base url 'https://www.demoblaze.com/'.</msg>
<arg>${baseUrl}</arg>
<arg>browser=${BROWSER}</arg>
<doc>Opens a new browser instance to the optional ``url``.</doc>
<status status="PASS" start="2025-12-04T02:53:19.275670" elapsed="4.696577"/>
</kw>
<kw name="Maximize Browser Window" owner="SeleniumLibrary">
<doc>Maximizes current browser window.</doc>
<status status="PASS" start="2025-12-04T02:53:23.972560" elapsed="0.025205"/>
</kw>
<kw name="Wait Until Page Contains Element" owner="SeleniumLibrary">
<arg>${loginButton}</arg>
<arg>timeout=100</arg>
<arg>error=loginButtonNotFound</arg>
<doc>Waits until the element ``locator`` appears on the current page.</doc>
<status status="PASS" start="2025-12-04T02:53:23.998061" elapsed="0.049603"/>
</kw>
<kw name="Sleep" owner="BuiltIn">
<msg time="2025-12-04T02:53:27.048420" level="INFO">Slept 3 seconds.</msg>
<arg>3s</arg>
<doc>Pauses the test executed for the given time.</doc>
<status status="PASS" start="2025-12-04T02:53:24.047965" elapsed="3.000849"/>
</kw>
<kw name="Click Element" owner="SeleniumLibrary">
<msg time="2025-12-04T02:53:27.049349" level="INFO">Clicking element '//*[@id="login2"]'.</msg>
<arg>${loginButton}</arg>
<doc>Click the element identified by ``locator``.</doc>
<status status="PASS" start="2025-12-04T02:53:27.049058" elapsed="0.111318"/>
</kw>
<kw name="Wait Until Page Contains Element" owner="SeleniumLibrary">
<arg>${signUpUsernameField}</arg>
<arg>timeout=100</arg>
<arg>error=usernameFieldNotFound</arg>
<doc>Waits until the element ``locator`` appears on the current page.</doc>
<status status="PASS" start="2025-12-04T02:53:27.160949" elapsed="0.024248"/>
</kw>
<kw name="Sleep" owner="BuiltIn">
<msg time="2025-12-04T02:53:30.186177" level="INFO">Slept 3 seconds.</msg>
<arg>3s</arg>
<doc>Pauses the test executed for the given time.</doc>
<status status="PASS" start="2025-12-04T02:53:27.185558" elapsed="3.000818"/>
</kw>
<kw name="Input Text" owner="SeleniumLibrary">
<msg time="2025-12-04T02:53:30.187123" level="INFO">Typing text 'uali_amangaliyev_999' into text field '//*[@id="loginusername"]'.</msg>
<arg>${loginUsernameField}</arg>
<arg>${USERNAME_VARIABLE}</arg>
<doc>Types the given ``text`` into the text field identified by ``locator``.</doc>
<status status="PASS" start="2025-12-04T02:53:30.186666" elapsed="0.156633"/>
</kw>
<kw name="Input Password" owner="SeleniumLibrary">
<msg time="2025-12-04T02:53:30.343888" level="INFO">Typing password into text field '//*[@id="loginpassword"]'.</msg>
<msg time="2025-12-04T02:53:30.403144" level="INFO">Temporally setting log level to: NONE</msg>
<arg>${loginPasswordField}</arg>
<arg>${password}</arg>
<doc>Types the given password into the text field identified by ``locator``.</doc>
<status status="PASS" start="2025-12-04T02:53:30.343550" elapsed="0.121442"/>
</kw>
<kw name="Sleep" owner="BuiltIn">
<msg time="2025-12-04T02:53:33.465927" level="INFO">Slept 3 seconds.</msg>
<arg>3s</arg>
<doc>Pauses the test executed for the given time.</doc>
<status status="PASS" start="2025-12-04T02:53:30.465287" elapsed="3.001073"/>
</kw>
<kw name="Click Element" owner="SeleniumLibrary">
<msg time="2025-12-04T02:53:33.468346" level="INFO">Clicking element '//*[@id="logInModal"]/div/div/div[3]/button[2]'.</msg>
<arg>${loginFormSubmitButton}</arg>
<doc>Click the element identified by ``locator``.</doc>
<status status="PASS" start="2025-12-04T02:53:33.467517" elapsed="0.110553"/>
</kw>
<kw name="Sleep" owner="BuiltIn">
<msg time="2025-12-04T02:53:35.579078" level="INFO">Slept 2 seconds.</msg>
<arg>2s</arg>
<doc>Pauses the test executed for the given time.</doc>
<status status="PASS" start="2025-12-04T02:53:33.578494" elapsed="2.000804"/>
</kw>
<status status="PASS" start="2025-12-04T02:53:19.274772" elapsed="16.304715"/>
</kw>
<kw name="Log Out" owner="resources">
<kw name="Log In" owner="resources">
<kw name="Open Browser" owner="SeleniumLibrary">
<msg time="2025-12-04T02:53:35.582054" level="INFO">Opening browser 'Chrome' to base url 'https://www.demoblaze.com/'.</msg>
<arg>${baseUrl}</arg>
<arg>browser=${BROWSER}</arg>
<doc>Opens a new browser instance to the optional ``url``.</doc>
<status status="PASS" start="2025-12-04T02:53:35.581647" elapsed="5.198008"/>
</kw>
<kw name="Maximize Browser Window" owner="SeleniumLibrary">
<doc>Maximizes current browser window.</doc>
<status status="PASS" start="2025-12-04T02:53:40.779954" elapsed="0.043197"/>
</kw>
<kw name="Wait Until Page Contains Element" owner="SeleniumLibrary">
<arg>${loginButton}</arg>
<arg>timeout=100</arg>
<arg>error=loginButtonNotFound</arg>
<doc>Waits until the element ``locator`` appears on the current page.</doc>
<status status="PASS" start="2025-12-04T02:53:40.823478" elapsed="0.145506"/>
</kw>
<kw name="Sleep" owner="BuiltIn">
<msg time="2025-12-04T02:53:43.970580" level="INFO">Slept 3 seconds.</msg>
<arg>3s</arg>
<doc>Pauses the test executed for the given time.</doc>
<status status="PASS" start="2025-12-04T02:53:40.969780" elapsed="3.000999"/>
</kw>
<kw name="Click Element" owner="SeleniumLibrary">
<msg time="2025-12-04T02:53:43.971501" level="INFO">Clicking element '//*[@id="login2"]'.</msg>
<arg>${loginButton}</arg>
<doc>Click the element identified by ``locator``.</doc>
<status status="PASS" start="2025-12-04T02:53:43.971077" elapsed="0.125805"/>
</kw>
<kw name="Wait Until Page Contains Element" owner="SeleniumLibrary">
<arg>${signUpUsernameField}</arg>
<arg>timeout=100</arg>
<arg>error=usernameFieldNotFound</arg>
<doc>Waits until the element ``locator`` appears on the current page.</doc>
<status status="PASS" start="2025-12-04T02:53:44.097210" elapsed="0.021619"/>
</kw>
<kw name="Sleep" owner="BuiltIn">
<msg time="2025-12-04T02:53:47.119709" level="INFO">Slept 3 seconds.</msg>
<arg>3s</arg>
<doc>Pauses the test executed for the given time.</doc>
<status status="PASS" start="2025-12-04T02:53:44.119201" elapsed="3.000700"/>
</kw>
<kw name="Input Text" owner="SeleniumLibrary">
<msg time="2025-12-04T02:53:47.120634" level="INFO">Typing text 'uali_amangaliyev_999' into text field '//*[@id="loginusername"]'.</msg>
<arg>${loginUsernameField}</arg>
<arg>${USERNAME_VARIABLE}</arg>
<doc>Types the given ``text`` into the text field identified by ``locator``.</doc>
<status status="PASS" start="2025-12-04T02:53:47.120176" elapsed="0.144688"/>
</kw>
<kw name="Input Password" owner="SeleniumLibrary">
<msg time="2025-12-04T02:53:47.265777" level="INFO">Typing password into text field '//*[@id="loginpassword"]'.</msg>
<msg time="2025-12-04T02:53:47.323594" level="INFO">Temporally setting log level to: NONE</msg>
<arg>${loginPasswordField}</arg>
<arg>${password}</arg>
<doc>Types the given password into the text field identified by ``locator``.</doc>
<status status="PASS" start="2025-12-04T02:53:47.265205" elapsed="0.117226"/>
</kw>
<kw name="Sleep" owner="BuiltIn">
<msg time="2025-12-04T02:53:50.383153" level="INFO">Slept 3 seconds.</msg>
<arg>3s</arg>
<doc>Pauses the test executed for the given time.</doc>
<status status="PASS" start="2025-12-04T02:53:47.382749" elapsed="3.000592"/>
</kw>
<kw name="Click Element" owner="SeleniumLibrary">
<msg time="2025-12-04T02:53:50.384168" level="INFO">Clicking element '//*[@id="logInModal"]/div/div/div[3]/button[2]'.</msg>
<arg>${loginFormSubmitButton}</arg>
<doc>Click the element identified by ``locator``.</doc>
<status status="PASS" start="2025-12-04T02:53:50.383703" elapsed="0.152322"/>
</kw>
<kw name="Sleep" owner="BuiltIn">
<msg time="2025-12-04T02:53:52.537199" level="INFO">Slept 2 seconds.</msg>
<arg>2s</arg>
<doc>Pauses the test executed for the given time.</doc>
<status status="PASS" start="2025-12-04T02:53:50.536454" elapsed="2.001022"/>
</kw>
<status status="PASS" start="2025-12-04T02:53:35.581182" elapsed="16.956539"/>
</kw>
<kw name="Wait Until Page Contains Element" owner="SeleniumLibrary">
<arg>${logoutButton}</arg>
<arg>timeout=100</arg>
<arg>error=loginButtonNotFound</arg>
<doc>Waits until the element ``locator`` appears on the current page.</doc>
<status status="PASS" start="2025-12-04T02:53:52.538012" elapsed="0.028439"/>
</kw>
<kw name="Sleep" owner="BuiltIn">
<msg time="2025-12-04T02:53:55.567271" level="INFO">Slept 3 seconds.</msg>
<arg>3s</arg>
<doc>Pauses the test executed for the given time.</doc>
<status status="PASS" start="2025-12-04T02:53:52.566818" elapsed="3.000684"/>
</kw>
<kw name="Click Element" owner="SeleniumLibrary">
<msg time="2025-12-04T02:53:55.568350" level="INFO">Clicking element '//*[@id="logout2"]'.</msg>
<arg>${logoutButton}</arg>
<doc>Click the element identified by ``locator``.</doc>
<status status="PASS" start="2025-12-04T02:53:55.567864" elapsed="0.527852"/>
</kw>
<kw name="Sleep" owner="BuiltIn">
<msg time="2025-12-04T02:53:58.096380" level="INFO">Slept 2 seconds.</msg>
<arg>2s</arg>
<doc>Pauses the test executed for the given time.</doc>
<status status="PASS" start="2025-12-04T02:53:56.095977" elapsed="2.000683"/>
</kw>
<status status="PASS" start="2025-12-04T02:53:35.580597" elapsed="22.516309"/>
</kw>
<kw name="Add Item To The Cart" owner="resources">
<kw name="Log In" owner="resources">
<kw name="Open Browser" owner="SeleniumLibrary">
<msg time="2025-12-04T02:53:58.099774" level="INFO">Opening browser 'Chrome' to base url 'https://www.demoblaze.com/'.</msg>
<arg>${baseUrl}</arg>
<arg>browser=${BROWSER}</arg>
<doc>Opens a new browser instance to the optional ``url``.</doc>
<status status="PASS" start="2025-12-04T02:53:58.099125" elapsed="4.489471"/>
</kw>
<kw name="Maximize Browser Window" owner="SeleniumLibrary">
<doc>Maximizes current browser window.</doc>
<status status="PASS" start="2025-12-04T02:54:02.588949" elapsed="0.036545"/>
</kw>
<kw name="Wait Until Page Contains Element" owner="SeleniumLibrary">
<arg>${loginButton}</arg>
<arg>timeout=100</arg>
<arg>error=loginButtonNotFound</arg>
<doc>Waits until the element ``locator`` appears on the current page.</doc>
<status status="PASS" start="2025-12-04T02:54:02.625747" elapsed="0.019216"/>
</kw>
<kw name="Sleep" owner="BuiltIn">
<msg time="2025-12-04T02:54:05.645860" level="INFO">Slept 3 seconds.</msg>
<arg>3s</arg>
<doc>Pauses the test executed for the given time.</doc>
<status status="PASS" start="2025-12-04T02:54:02.645228" elapsed="3.001111"/>
</kw>
<kw name="Click Element" owner="SeleniumLibrary">
<msg time="2025-12-04T02:54:05.648066" level="INFO">Clicking element '//*[@id="login2"]'.</msg>
<arg>${loginButton}</arg>
<doc>Click the element identified by ``locator``.</doc>
<status status="PASS" start="2025-12-04T02:54:05.647004" elapsed="0.176225"/>
</kw>
<kw name="Wait Until Page Contains Element" owner="SeleniumLibrary">
<arg>${signUpUsernameField}</arg>
<arg>timeout=100</arg>
<arg>error=usernameFieldNotFound</arg>
<doc>Waits until the element ``locator`` appears on the current page.</doc>
<status status="PASS" start="2025-12-04T02:54:05.823577" elapsed="0.027863"/>
</kw>
<kw name="Sleep" owner="BuiltIn">
<msg time="2025-12-04T02:54:08.852377" level="INFO">Slept 3 seconds.</msg>
<arg>3s</arg>
<doc>Pauses the test executed for the given time.</doc>
<status status="PASS" start="2025-12-04T02:54:05.851845" elapsed="3.000852"/>
</kw>
<kw name="Input Text" owner="SeleniumLibrary">
<msg time="2025-12-04T02:54:08.853943" level="INFO">Typing text 'uali_amangaliyev_999' into text field '//*[@id="loginusername"]'.</msg>
<arg>${loginUsernameField}</arg>
<arg>${USERNAME_VARIABLE}</arg>
<doc>Types the given ``text`` into the text field identified by ``locator``.</doc>
<status status="PASS" start="2025-12-04T02:54:08.853113" elapsed="0.243125"/>
</kw>
<kw name="Input Password" owner="SeleniumLibrary">
<msg time="2025-12-04T02:54:09.097537" level="INFO">Typing password into text field '//*[@id="loginpassword"]'.</msg>
<msg time="2025-12-04T02:54:09.187819" level="INFO">Temporally setting log level to: NONE</msg>
<arg>${loginPasswordField}</arg>
<arg>${password}</arg>
<doc>Types the given password into the text field identified by ``locator``.</doc>
<status status="PASS" start="2025-12-04T02:54:09.096730" elapsed="0.194245"/>
</kw>
<kw name="Sleep" owner="BuiltIn">
<msg time="2025-12-04T02:54:12.291881" level="INFO">Slept 3 seconds.</msg>
<arg>3s</arg>
<doc>Pauses the test executed for the given time.</doc>
<status status="PASS" start="2025-12-04T02:54:09.291321" elapsed="3.000747"/>
</kw>
<kw name="Click Element" owner="SeleniumLibrary">
<msg time="2025-12-04T02:54:12.292719" level="INFO">Clicking element '//*[@id="logInModal"]/div/div/div[3]/button[2]'.</msg>
<arg>${loginFormSubmitButton}</arg>
<doc>Click the element identified by ``locator``.</doc>
<status status="PASS" start="2025-12-04T02:54:12.292332" elapsed="0.086879"/>
</kw>
<kw name="Sleep" owner="BuiltIn">
<msg time="2025-12-04T02:54:14.380115" level="INFO">Slept 2 seconds.</msg>
<arg>2s</arg>
<doc>Pauses the test executed for the given time.</doc>
<status status="PASS" start="2025-12-04T02:54:12.379482" elapsed="2.000820"/>
</kw>
<status status="PASS" start="2025-12-04T02:53:58.098372" elapsed="16.282102"/>
</kw>
<kw name="Wait Until Page Contains Element" owner="SeleniumLibrary">
<arg>${chooseCategoryButton}</arg>
<arg>timeout=100</arg>
<arg>error=chooseCategoryButtonNotFound</arg>
<doc>Waits until the element ``locator`` appears on the current page.</doc>
<status status="PASS" start="2025-12-04T02:54:14.380768" elapsed="0.017543"/>
</kw>
<kw name="Sleep" owner="BuiltIn">
<msg time="2025-12-04T02:54:17.398917" level="INFO">Slept 3 seconds.</msg>
<arg>3s</arg>
<doc>Pauses the test executed for the given time.</doc>
<status status="PASS" start="2025-12-04T02:54:14.398545" elapsed="3.000653"/>
</kw>
<kw name="Click Element" owner="SeleniumLibrary">
<msg time="2025-12-04T02:54:17.400173" level="INFO">Clicking element '//*[@id="contcont"]/div/div/div/a[1]'.</msg>
<arg>${chooseCategoryButton}</arg>
<doc>Click the element identified by ``locator``.</doc>
<status status="PASS" start="2025-12-04T02:54:17.399624" elapsed="0.238366"/>
</kw>
<kw name="Wait Until Page Contains Element" owner="SeleniumLibrary">
<arg>${chooseItemButton}</arg>
<arg>timeout=100</arg>
<arg>error=chooseItemButtonNotFound</arg>
<doc>Waits until the element ``locator`` appears on the current page.</doc>
<status status="PASS" start="2025-12-04T02:54:17.638352" elapsed="0.263858"/>
</kw>
<kw name="Sleep" owner="BuiltIn">
<msg time="2025-12-04T02:54:20.903112" level="INFO">Slept 3 seconds.</msg>
<arg>3s</arg>
<doc>Pauses the test executed for the given time.</doc>
<status status="PASS" start="2025-12-04T02:54:17.902612" elapsed="3.000942"/>
</kw>
<kw name="Click Element" owner="SeleniumLibrary">
<msg time="2025-12-04T02:54:20.904715" level="INFO">Clicking element '//*[@id="tbodyid"]/div[2]/div/a'.</msg>
<arg>${chooseItemButton}</arg>
<doc>Click the element identified by ``locator``.</doc>
<status status="PASS" start="2025-12-04T02:54:20.903869" elapsed="0.881352"/>
</kw>
<kw name="Wait Until Page Contains Element" owner="SeleniumLibrary">
<arg>${addToCartButton}</arg>
<arg>timeout=100</arg>
<arg>error=addToCartButtonNotFound</arg>
<doc>Waits until the element ``locator`` appears on the current page.</doc>
<status status="PASS" start="2025-12-04T02:54:21.785596" elapsed="0.479753"/>
</kw>
<kw name="Sleep" owner="BuiltIn">
<msg time="2025-12-04T02:54:25.266280" level="INFO">Slept 3 seconds.</msg>
<arg>3s</arg>
<doc>Pauses the test executed for the given time.</doc>
<status status="PASS" start="2025-12-04T02:54:22.265703" elapsed="3.000791"/>
</kw>
<kw name="Click Element" owner="SeleniumLibrary">
<msg time="2025-12-04T02:54:25.267249" level="INFO">Clicking element '//*[@id="tbodyid"]/div[2]/div/a'.</msg>
<arg>${addToCartButton}</arg>
<doc>Click the element identified by ``locator``.</doc>
<status status="PASS" start="2025-12-04T02:54:25.266812" elapsed="0.145696"/>
</kw>
<kw name="Sleep" owner="BuiltIn">
<msg time="2025-12-04T02:54:27.413405" level="INFO">Slept 2 seconds.</msg>
<arg>2s</arg>
<doc>Pauses the test executed for the given time.</doc>
<status status="PASS" start="2025-12-04T02:54:25.412964" elapsed="2.000657"/>
</kw>
<status status="PASS" start="2025-12-04T02:53:58.097541" elapsed="29.316260"/>
</kw>
<kw name="Make An Order And Payment" owner="resources">
<kw name="Log In" owner="resources">
<kw name="Open Browser" owner="SeleniumLibrary">
<msg time="2025-12-04T02:54:27.415795" level="INFO">Opening browser 'Chrome' to base url 'https://www.demoblaze.com/'.</msg>
<arg>${baseUrl}</arg>
<arg>browser=${BROWSER}</arg>
<doc>Opens a new browser instance to the optional ``url``.</doc>
<status status="PASS" start="2025-12-04T02:54:27.415339" elapsed="4.370436"/>
</kw>
<kw name="Maximize Browser Window" owner="SeleniumLibrary">
<doc>Maximizes current browser window.</doc>
<status status="PASS" start="2025-12-04T02:54:31.786259" elapsed="0.036292"/>
</kw>
<kw name="Wait Until Page Contains Element" owner="SeleniumLibrary">
<arg>${loginButton}</arg>
<arg>timeout=100</arg>
<arg>error=loginButtonNotFound</arg>
<doc>Waits until the element ``locator`` appears on the current page.</doc>
<status status="PASS" start="2025-12-04T02:54:31.822921" elapsed="0.028382"/>
</kw>
<kw name="Sleep" owner="BuiltIn">
<msg time="2025-12-04T02:54:34.852244" level="INFO">Slept 3 seconds.</msg>
<arg>3s</arg>
<doc>Pauses the test executed for the given time.</doc>
<status status="PASS" start="2025-12-04T02:54:31.851744" elapsed="3.000710"/>
</kw>
<kw name="Click Element" owner="SeleniumLibrary">
<msg time="2025-12-04T02:54:34.853209" level="INFO">Clicking element '//*[@id="login2"]'.</msg>
<arg>${loginButton}</arg>
<doc>Click the element identified by ``locator``.</doc>
<status status="PASS" start="2025-12-04T02:54:34.852784" elapsed="0.115179"/>
</kw>
<kw name="Wait Until Page Contains Element" owner="SeleniumLibrary">
<arg>${signUpUsernameField}</arg>
<arg>timeout=100</arg>
<arg>error=usernameFieldNotFound</arg>
<doc>Waits until the element ``locator`` appears on the current page.</doc>
<status status="PASS" start="2025-12-04T02:54:34.968326" elapsed="0.024747"/>
</kw>
<kw name="Sleep" owner="BuiltIn">
<msg time="2025-12-04T02:54:37.994220" level="INFO">Slept 3 seconds.</msg>
<arg>3s</arg>
<doc>Pauses the test executed for the given time.</doc>
<status status="PASS" start="2025-12-04T02:54:34.993439" elapsed="3.001137"/>
</kw>
<kw name="Input Text" owner="SeleniumLibrary">
<msg time="2025-12-04T02:54:37.995831" level="INFO">Typing text 'uali_amangaliyev_999' into text field '//*[@id="loginusername"]'.</msg>
<arg>${loginUsernameField}</arg>
<arg>${USERNAME_VARIABLE}</arg>
<doc>Types the given ``text`` into the text field identified by ``locator``.</doc>
<status status="PASS" start="2025-12-04T02:54:37.995036" elapsed="0.177727"/>
</kw>
<kw name="Input Password" owner="SeleniumLibrary">
<msg time="2025-12-04T02:54:38.173926" level="INFO">Typing password into text field '//*[@id="loginpassword"]'.</msg>
<msg time="2025-12-04T02:54:38.300953" level="INFO">Temporally setting log level to: NONE</msg>
<arg>${loginPasswordField}</arg>
<arg>${password}</arg>
<doc>Types the given password into the text field identified by ``locator``.</doc>
<status status="PASS" start="2025-12-04T02:54:38.173207" elapsed="0.212709"/>
</kw>
<kw name="Sleep" owner="BuiltIn">
<msg time="2025-12-04T02:54:41.386839" level="INFO">Slept 3 seconds.</msg>
<arg>3s</arg>
<doc>Pauses the test executed for the given time.</doc>
<status status="PASS" start="2025-12-04T02:54:38.386304" elapsed="3.000740"/>
</kw>
<kw name="Click Element" owner="SeleniumLibrary">
<msg time="2025-12-04T02:54:41.387835" level="INFO">Clicking element '//*[@id="logInModal"]/div/div/div[3]/button[2]'.</msg>
<arg>${loginFormSubmitButton}</arg>
<doc>Click the element identified by ``locator``.</doc>
<status status="PASS" start="2025-12-04T02:54:41.387357" elapsed="0.114847"/>
</kw>
<kw name="Sleep" owner="BuiltIn">
<msg time="2025-12-04T02:54:43.503050" level="INFO">Slept 2 seconds.</msg>
<arg>2s</arg>
<doc>Pauses the test executed for the given time.</doc>
<status status="PASS" start="2025-12-04T02:54:41.502561" elapsed="2.000833"/>
</kw>
<status status="PASS" start="2025-12-04T02:54:27.414888" elapsed="16.088733"/>
</kw>
<kw name="Wait Until Page Contains Element" owner="SeleniumLibrary">
<arg>${openCartButton}</arg>
<arg>timeout=100</arg>
<arg>error=openCartButtonNotFound</arg>
<doc>Waits until the element ``locator`` appears on the current page.</doc>
<status status="PASS" start="2025-12-04T02:54:43.503874" elapsed="0.022520"/>
</kw>
<kw name="Sleep" owner="BuiltIn">
<msg time="2025-12-04T02:54:46.527131" level="INFO">Slept 3 seconds.</msg>
<arg>3s</arg>
<doc>Pauses the test executed for the given time.</doc>
<status status="PASS" start="2025-12-04T02:54:43.526716" elapsed="3.000652"/>
</kw>
<kw name="Click Element" owner="SeleniumLibrary">
<msg time="2025-12-04T02:54:46.528171" level="INFO">Clicking element '//*[@id="cartur"]'.</msg>
<arg>${openCartButton}</arg>
<doc>Click the element identified by ``locator``.</doc>
<status status="PASS" start="2025-12-04T02:54:46.527703" elapsed="0.725589"/>
</kw>
<kw name="Wait Until Page Contains Element" owner="SeleniumLibrary">
<arg>${placeOrderButton}</arg>
<arg>timeout=100</arg>
<arg>error=placeOrderButtonNotFound</arg>
<doc>Waits until the element ``locator`` appears on the current page.</doc>
<status status="PASS" start="2025-12-04T02:54:47.253636" elapsed="0.055220"/>
</kw>
<kw name="Sleep" owner="BuiltIn">
<msg time="2025-12-04T02:54:50.310029" level="INFO">Slept 3 seconds.</msg>
<arg>3s</arg>
<doc>Pauses the test executed for the given time.</doc>
<status status="PASS" start="2025-12-04T02:54:47.309074" elapsed="3.001242"/>
</kw>
<kw name="Click Element" owner="SeleniumLibrary">
<msg time="2025-12-04T02:54:50.311442" level="INFO">Clicking element '//*[@id="page-wrapper"]/div/div[2]/button'.</msg>
<arg>${placeOrderButton}</arg>
<doc>Click the element identified by ``locator``.</doc>
<status status="PASS" start="2025-12-04T02:54:50.310693" elapsed="0.191553"/>
</kw>
<kw name="Wait Until Page Contains Element" owner="SeleniumLibrary">
<arg>${customerNameField}</arg>
<arg>timeout=100</arg>
<arg>error=customerNameFieldNotFound</arg>
<doc>Waits until the element ``locator`` appears on the current page.</doc>
<status status="PASS" start="2025-12-04T02:54:50.502642" elapsed="0.024079"/>
</kw>
<kw name="Sleep" owner="BuiltIn">
<msg time="2025-12-04T02:54:53.527600" level="INFO">Slept 3 seconds.</msg>
<arg>3s</arg>
<doc>Pauses the test executed for the given time.</doc>
<status status="PASS" start="2025-12-04T02:54:50.527137" elapsed="3.000669"/>
</kw>
<kw name="Input Text" owner="SeleniumLibrary">
<msg time="2025-12-04T02:54:53.528567" level="INFO">Typing text 'Uali' into text field '//*[@id="name"]'.</msg>
<arg>${customerNameField}</arg>
<arg>${customerName}</arg>
<doc>Types the given ``text`` into the text field identified by ``locator``.</doc>
<status status="PASS" start="2025-12-04T02:54:53.528078" elapsed="0.114030"/>
</kw>
<kw name="Input Text" owner="SeleniumLibrary">
<msg time="2025-12-04T02:54:53.642865" level="INFO">Typing text 'Kazakhstan' into text field '//*[@id="country"]'.</msg>
<arg>${customerCountryField}</arg>
<arg>${customerCountry}</arg>
<doc>Types the given ``text`` into the text field identified by ``locator``.</doc>
<status status="PASS" start="2025-12-04T02:54:53.642402" elapsed="0.124456"/>
</kw>
<kw name="Input Text" owner="SeleniumLibrary">
<msg time="2025-12-04T02:54:53.767582" level="INFO">Typing text 'Almaty' into text field '//*[@id="city"]'.</msg>
<arg>${customerCityField}</arg>
<arg>${customerCity}</arg>
<doc>Types the given ``text`` into the text field identified by ``locator``.</doc>
<status status="PASS" start="2025-12-04T02:54:53.767146" elapsed="0.129652"/>
</kw>
<kw name="Input Text" owner="SeleniumLibrary">
<msg time="2025-12-04T02:54:53.897584" level="INFO">Typing text '0000000000000000' into text field '//*[@id="card"]'.</msg>
<arg>${customerCreditCardNumberField}</arg>
<arg>${customerCreditCardNumber}</arg>
<doc>Types the given ``text`` into the text field identified by ``locator``.</doc>
<status status="PASS" start="2025-12-04T02:54:53.897091" elapsed="0.133296"/>
</kw>
<kw name="Input Text" owner="SeleniumLibrary">
<msg time="2025-12-04T02:54:54.031204" level="INFO">Typing text '01' into text field '//*[@id="month"]'.</msg>
<arg>${customerCreditCardExpiryMonthField}</arg>
<arg>${customerCreditCardExpiryMonth}</arg>
<doc>Types the given ``text`` into the text field identified by ``locator``.</doc>
<status status="PASS" start="2025-12-04T02:54:54.030716" elapsed="0.114648"/>
</kw>
<kw name="Input Text" owner="SeleniumLibrary">
<msg time="2025-12-04T02:54:54.146138" level="INFO">Typing text '2028' into text field '//*[@id="year"]'.</msg>
<arg>${customerCreditCardExpiryYearField}</arg>
<arg>${customerCreditCardExpiryYear}</arg>
<doc>Types the given ``text`` into the text field identified by ``locator``.</doc>
<status status="PASS" start="2025-12-04T02:54:54.145681" elapsed="0.109223"/>
</kw>
<kw name="Sleep" owner="BuiltIn">
<msg time="2025-12-04T02:54:58.255751" level="INFO">Slept 4 seconds.</msg>
<arg>4s</arg>
<doc>Pauses the test executed for the given time.</doc>
<status status="PASS" start="2025-12-04T02:54:54.255214" elapsed="4.000789"/>
</kw>
<kw name="Click Element" owner="SeleniumLibrary">
<msg time="2025-12-04T02:54:58.256859" level="INFO">Clicking element '//*[@id="orderModal"]/div/div/div[3]/button[2]'.</msg>
<arg>${purchaseOrderButton}</arg>
<doc>Click the element identified by ``locator``.</doc>
<status status="PASS" start="2025-12-04T02:54:58.256334" elapsed="0.120152"/>
</kw>
<kw name="Sleep" owner="BuiltIn">
<msg time="2025-12-04T02:55:00.377226" level="INFO">Slept 2 seconds.</msg>
<arg>2s</arg>
<doc>Pauses the test executed for the given time.</doc>
<status status="PASS" start="2025-12-04T02:54:58.376791" elapsed="2.000700"/>
</kw>
<status status="PASS" start="2025-12-04T02:54:27.414298" elapsed="32.963456"/>
</kw>
<tag>chrome</tag>
<status status="PASS" start="2025-12-04T02:53:01.184071" elapsed="119.194116"/>
</test>
<test id="s1-t2" name="DEMOBLAZE_TEST_YANDEX" line="27">
<kw name="Set Variable" owner="BuiltIn">
<msg time="2025-12-04T02:55:00.380004" level="INFO">${BROWSER} = Firefox</msg>
<var>${BROWSER}</var>
<arg>Firefox</arg>
<doc>Returns the given values which can then be assigned to a variables.</doc>
<status status="PASS" start="2025-12-04T02:55:00.379624" elapsed="0.000458"/>
</kw>
<kw name="Set Variable" owner="BuiltIn">
<msg time="2025-12-04T02:55:00.380963" level="INFO">${USERNAME_VARIABLE} = uali_amangaliyev_998</msg>
<var>${USERNAME_VARIABLE}</var>
<arg>${FIREFOX_USERNAME}</arg>
<doc>Returns the given values which can then be assigned to a variables.</doc>
<status status="PASS" start="2025-12-04T02:55:00.380477" elapsed="0.000564"/>
</kw>
<kw name="Sign Up" owner="resources">
<kw name="Open Browser" owner="SeleniumLibrary">
<msg time="2025-12-04T02:55:00.382965" level="INFO">Opening browser 'Chrome' to base url 'https://www.demoblaze.com/'.</msg>
<arg>${baseUrl}</arg>
<arg>browser=${BROWSER}</arg>
<doc>Opens a new browser instance to the optional ``url``.</doc>
<status status="PASS" start="2025-12-04T02:55:00.382349" elapsed="4.509306"/>
</kw>
<kw name="Maximize Browser Window" owner="SeleniumLibrary">
<doc>Maximizes current browser window.</doc>
<status status="PASS" start="2025-12-04T02:55:04.891965" elapsed="0.052323"/>
</kw>
<kw name="Wait Until Page Contains Element" owner="SeleniumLibrary">
<arg>${signUpButton}</arg>
<arg>timeout=100</arg>
<arg>error=signUpButtonNotFound</arg>
<doc>Waits until the element ``locator`` appears on the current page.</doc>
<status status="PASS" start="2025-12-04T02:55:04.944593" elapsed="0.022849"/>
</kw>
<kw name="Sleep" owner="BuiltIn">
<msg time="2025-12-04T02:55:07.968385" level="INFO">Slept 3 seconds.</msg>
<arg>3s</arg>
<doc>Pauses the test executed for the given time.</doc>
<status status="PASS" start="2025-12-04T02:55:04.967744" elapsed="3.001096"/>
</kw>
<kw name="Click Element" owner="SeleniumLibrary">
<msg time="2025-12-04T02:55:07.970355" level="INFO">Clicking element '//*[@id="signin2"]'.</msg>
<arg>${signUpButton}</arg>
<doc>Click the element identified by ``locator``.</doc>
<status status="PASS" start="2025-12-04T02:55:07.969386" elapsed="0.133437"/>
</kw>
<kw name="Wait Until Page Contains Element" owner="SeleniumLibrary">
<arg>${signUpUsernameField}</arg>
<arg>timeout=100</arg>
<arg>error=usernameFieldNotFound</arg>
<doc>Waits until the element ``locator`` appears on the current page.</doc>
<status status="PASS" start="2025-12-04T02:55:08.103313" elapsed="0.027624"/>
</kw>
<kw name="Sleep" owner="BuiltIn">
<msg time="2025-12-04T02:55:11.131937" level="INFO">Slept 3 seconds.</msg>
<arg>3s</arg>
<doc>Pauses the test executed for the given time.</doc>
<status status="PASS" start="2025-12-04T02:55:08.131320" elapsed="3.000994"/>
</kw>
<kw name="Input Text" owner="SeleniumLibrary">
<msg time="2025-12-04T02:55:11.133915" level="INFO">Typing text 'uali_amangaliyev_999' into text field '//*[@id="sign-username"]'.</msg>
<arg>${signUpUsernameField}</arg>
<arg>${USERNAME_VARIABLE}</arg>
<doc>Types the given ``text`` into the text field identified by ``locator``.</doc>
<status status="PASS" start="2025-12-04T02:55:11.132948" elapsed="0.209866"/>
</kw>
<kw name="Input Password" owner="SeleniumLibrary">
<msg time="2025-12-04T02:55:11.343801" level="INFO">Typing password into text field '//*[@id="sign-password"]'.</msg>
<msg time="2025-12-04T02:55:11.411330" level="INFO">Temporally setting log level to: NONE</msg>
<arg>${signUpPasswordField}</arg>
<arg>${password}</arg>
<doc>Types the given password into the text field identified by ``locator``.</doc>
<status status="PASS" start="2025-12-04T02:55:11.343208" elapsed="0.153638"/>
</kw>
<kw name="Sleep" owner="BuiltIn">
<msg time="2025-12-04T02:55:14.498140" level="INFO">Slept 3 seconds.</msg>
<arg>3s</arg>
<doc>Pauses the test executed for the given time.</doc>
<status status="PASS" start="2025-12-04T02:55:11.497287" elapsed="3.001126"/>
</kw>
<kw name="Click Element" owner="SeleniumLibrary">
<msg time="2025-12-04T02:55:14.499570" level="INFO">Clicking element '//*[@id="signInModal"]/div/div/div[3]/button[2]'.</msg>
<arg>${signUpFromSubmitButton}</arg>
<doc>Click the element identified by ``locator``.</doc>
<status status="PASS" start="2025-12-04T02:55:14.498889" elapsed="0.131301"/>
</kw>
<kw name="Sleep" owner="BuiltIn">
<msg time="2025-12-04T02:55:16.630988" level="INFO">Slept 2 seconds.</msg>
<arg>2s</arg>
<doc>Pauses the test executed for the given time.</doc>
<status status="PASS" start="2025-12-04T02:55:14.630503" elapsed="2.000716"/>
</kw>
<status status="PASS" start="2025-12-04T02:55:00.381684" elapsed="16.249726"/>
</kw>
<kw name="Log In" owner="resources">
<kw name="Open Browser" owner="SeleniumLibrary">
<msg time="2025-12-04T02:55:16.632878" level="INFO">Opening browser 'Chrome' to base url 'https://www.demoblaze.com/'.</msg>
<arg>${baseUrl}</arg>
<arg>browser=${BROWSER}</arg>
<doc>Opens a new browser instance to the optional ``url``.</doc>
<status status="PASS" start="2025-12-04T02:55:16.632393" elapsed="4.840488"/>
</kw>
<kw name="Maximize Browser Window" owner="SeleniumLibrary">
<doc>Maximizes current browser window.</doc>
<status status="PASS" start="2025-12-04T02:55:21.473183" elapsed="0.033747"/>
</kw>
<kw name="Wait Until Page Contains Element" owner="SeleniumLibrary">
<arg>${loginButton}</arg>
<arg>timeout=100</arg>
<arg>error=loginButtonNotFound</arg>
<doc>Waits until the element ``locator`` appears on the current page.</doc>
<status status="PASS" start="2025-12-04T02:55:21.507825" elapsed="0.058520"/>
</kw>
<kw name="Sleep" owner="BuiltIn">
<msg time="2025-12-04T02:55:24.567389" level="INFO">Slept 3 seconds.</msg>
<arg>3s</arg>
<doc>Pauses the test executed for the given time.</doc>
<status status="PASS" start="2025-12-04T02:55:21.566692" elapsed="3.004522"/>
</kw>
<kw name="Click Element" owner="SeleniumLibrary">
<msg time="2025-12-04T02:55:24.578896" level="INFO">Clicking element '//*[@id="login2"]'.</msg>
<arg>${loginButton}</arg>
<doc>Click the element identified by ``locator``.</doc>
<status status="PASS" start="2025-12-04T02:55:24.572974" elapsed="1.454990"/>
</kw>
<kw name="Wait Until Page Contains Element" owner="SeleniumLibrary">
<arg>${signUpUsernameField}</arg>
<arg>timeout=100</arg>
<arg>error=usernameFieldNotFound</arg>
<doc>Waits until the element ``locator`` appears on the current page.</doc>
<status status="PASS" start="2025-12-04T02:55:26.033738" elapsed="0.528090"/>
</kw>
<kw name="Sleep" owner="BuiltIn">
<msg time="2025-12-04T02:55:29.569254" level="INFO">Slept 3 seconds.</msg>
<arg>3s</arg>
<doc>Pauses the test executed for the given time.</doc>
<status status="PASS" start="2025-12-04T02:55:26.567662" elapsed="3.001782"/>
</kw>
<kw name="Input Text" owner="SeleniumLibrary">
<msg time="2025-12-04T02:55:29.570202" level="INFO">Typing text 'uali_amangaliyev_999' into text field '//*[@id="loginusername"]'.</msg>
<arg>${loginUsernameField}</arg>
<arg>${USERNAME_VARIABLE}</arg>
<doc>Types the given ``text`` into the text field identified by ``locator``.</doc>
<status status="PASS" start="2025-12-04T02:55:29.569747" elapsed="0.156683"/>
</kw>
<kw name="Input Password" owner="SeleniumLibrary">
<msg time="2025-12-04T02:55:29.727319" level="INFO">Typing password into text field '//*[@id="loginpassword"]'.</msg>
<msg time="2025-12-04T02:55:29.774232" level="INFO">Temporally setting log level to: NONE</msg>
<arg>${loginPasswordField}</arg>
<arg>${password}</arg>
<doc>Types the given password into the text field identified by ``locator``.</doc>
<status status="PASS" start="2025-12-04T02:55:29.726780" elapsed="0.123140"/>
</kw>
<kw name="Sleep" owner="BuiltIn">
<msg time="2025-12-04T02:55:32.850652" level="INFO">Slept 3 seconds.</msg>
<arg>3s</arg>
<doc>Pauses the test executed for the given time.</doc>
<status status="PASS" start="2025-12-04T02:55:29.850244" elapsed="3.000601"/>
</kw>
<kw name="Click Element" owner="SeleniumLibrary">
<msg time="2025-12-04T02:55:32.851518" level="INFO">Clicking element '//*[@id="logInModal"]/div/div/div[3]/button[2]'.</msg>
<arg>${loginFormSubmitButton}</arg>
<doc>Click the element identified by ``locator``.</doc>
<status status="PASS" start="2025-12-04T02:55:32.851129" elapsed="0.099867"/>
</kw>
<kw name="Sleep" owner="BuiltIn">
<msg time="2025-12-04T02:55:34.951810" level="INFO">Slept 2 seconds.</msg>
<arg>2s</arg>
<doc>Pauses the test executed for the given time.</doc>
<status status="PASS" start="2025-12-04T02:55:32.951302" elapsed="2.000739"/>
</kw>
<status status="PASS" start="2025-12-04T02:55:16.631895" elapsed="18.320331"/>
</kw>
<kw name="Log Out" owner="resources">
<kw name="Log In" owner="resources">
<kw name="Open Browser" owner="SeleniumLibrary">
<msg time="2025-12-04T02:55:34.954740" level="INFO">Opening browser 'Chrome' to base url 'https://www.demoblaze.com/'.</msg>
<arg>${baseUrl}</arg>
<arg>browser=${BROWSER}</arg>
<doc>Opens a new browser instance to the optional ``url``.</doc>
<status status="PASS" start="2025-12-04T02:55:34.954207" elapsed="4.839865"/>
</kw>
<kw name="Maximize Browser Window" owner="SeleniumLibrary">
<doc>Maximizes current browser window.</doc>
<status status="PASS" start="2025-12-04T02:55:39.794384" elapsed="0.084829"/>
</kw>
<kw name="Wait Until Page Contains Element" owner="SeleniumLibrary">
<arg>${loginButton}</arg>
<arg>timeout=100</arg>
<arg>error=loginButtonNotFound</arg>
<doc>Waits until the element ``locator`` appears on the current page.</doc>
<status status="PASS" start="2025-12-04T02:55:39.879512" elapsed="0.035245"/>
</kw>
<kw name="Sleep" owner="BuiltIn">
<msg time="2025-12-04T02:55:42.915384" level="INFO">Slept 3 seconds.</msg>
<arg>3s</arg>
<doc>Pauses the test executed for the given time.</doc>
<status status="PASS" start="2025-12-04T02:55:39.914965" elapsed="3.000766"/>
</kw>
<kw name="Click Element" owner="SeleniumLibrary">
<msg time="2025-12-04T02:55:42.917032" level="INFO">Clicking element '//*[@id="login2"]'.</msg>
<arg>${loginButton}</arg>
<doc>Click the element identified by ``locator``.</doc>
<status status="PASS" start="2025-12-04T02:55:42.916204" elapsed="0.123550"/>
</kw>
<kw name="Wait Until Page Contains Element" owner="SeleniumLibrary">
<arg>${signUpUsernameField}</arg>
<arg>timeout=100</arg>
<arg>error=usernameFieldNotFound</arg>
<doc>Waits until the element ``locator`` appears on the current page.</doc>
<status status="PASS" start="2025-12-04T02:55:43.040099" elapsed="0.025121"/>
</kw>
<kw name="Sleep" owner="BuiltIn">
<msg time="2025-12-04T02:55:46.066097" level="INFO">Slept 3 seconds.</msg>
<arg>3s</arg>
<doc>Pauses the test executed for the given time.</doc>
<status status="PASS" start="2025-12-04T02:55:43.065590" elapsed="3.000802"/>
</kw>
<kw name="Input Text" owner="SeleniumLibrary">
<msg time="2025-12-04T02:55:46.067541" level="INFO">Typing text 'uali_amangaliyev_999' into text field '//*[@id="loginusername"]'.</msg>
<arg>${loginUsernameField}</arg>
<arg>${USERNAME_VARIABLE}</arg>
<doc>Types the given ``text`` into the text field identified by ``locator``.</doc>
<status status="PASS" start="2025-12-04T02:55:46.066837" elapsed="0.232359"/>
</kw>
<kw name="Input Password" owner="SeleniumLibrary">
<msg time="2025-12-04T02:55:46.300825" level="INFO">Typing password into text field '//*[@id="loginpassword"]'.</msg>
<msg time="2025-12-04T02:55:46.389414" level="INFO">Temporally setting log level to: NONE</msg>
<arg>${loginPasswordField}</arg>
<arg>${password}</arg>
<doc>Types the given password into the text field identified by ``locator``.</doc>
<status status="PASS" start="2025-12-04T02:55:46.299849" elapsed="0.208809"/>
</kw>
<kw name="Sleep" owner="BuiltIn">
<msg time="2025-12-04T02:55:49.509571" level="INFO">Slept 3 seconds.</msg>
<arg>3s</arg>
<doc>Pauses the test executed for the given time.</doc>
<status status="PASS" start="2025-12-04T02:55:46.509042" elapsed="3.000737"/>
</kw>
<kw name="Click Element" owner="SeleniumLibrary">
<msg time="2025-12-04T02:55:49.510463" level="INFO">Clicking element '//*[@id="logInModal"]/div/div/div[3]/button[2]'.</msg>
<arg>${loginFormSubmitButton}</arg>
<doc>Click the element identified by ``locator``.</doc>
<status status="PASS" start="2025-12-04T02:55:49.510051" elapsed="0.192088"/>
</kw>
<kw name="Sleep" owner="BuiltIn">
<msg time="2025-12-04T02:55:51.702857" level="INFO">Slept 2 seconds.</msg>
<arg>2s</arg>
<doc>Pauses the test executed for the given time.</doc>
<status status="PASS" start="2025-12-04T02:55:49.702420" elapsed="2.000638"/>
</kw>
<status status="PASS" start="2025-12-04T02:55:34.953724" elapsed="16.749507"/>
</kw>
<kw name="Wait Until Page Contains Element" owner="SeleniumLibrary">
<arg>${logoutButton}</arg>
<arg>timeout=100</arg>
<arg>error=loginButtonNotFound</arg>
<doc>Waits until the element ``locator`` appears on the current page.</doc>
<status status="PASS" start="2025-12-04T02:55:51.703459" elapsed="0.033267"/>
</kw>
<kw name="Sleep" owner="BuiltIn">
<msg time="2025-12-04T02:55:54.737774" level="INFO">Slept 3 seconds.</msg>
<arg>3s</arg>
<doc>Pauses the test executed for the given time.</doc>
<status status="PASS" start="2025-12-04T02:55:51.737269" elapsed="3.000711"/>
</kw>
<kw name="Click Element" owner="SeleniumLibrary">
<msg time="2025-12-04T02:55:54.738789" level="INFO">Clicking element '//*[@id="logout2"]'.</msg>
<arg>${logoutButton}</arg>
<doc>Click the element identified by ``locator``.</doc>
<status status="PASS" start="2025-12-04T02:55:54.738279" elapsed="0.513224"/>
</kw>
<kw name="Sleep" owner="BuiltIn">
<msg time="2025-12-04T02:55:57.252421" level="INFO">Slept 2 seconds.</msg>
<arg>2s</arg>
<doc>Pauses the test executed for the given time.</doc>
<status status="PASS" start="2025-12-04T02:55:55.251869" elapsed="2.000714"/>
</kw>
<status status="PASS" start="2025-12-04T02:55:34.952795" elapsed="22.299910"/>
</kw>
<kw name="Add Item To The Cart" owner="resources">
<kw name="Log In" owner="resources">
<kw name="Open Browser" owner="SeleniumLibrary">
<msg time="2025-12-04T02:55:57.253922" level="INFO">Opening browser 'Chrome' to base url 'https://www.demoblaze.com/'.</msg>
<arg>${baseUrl}</arg>
<arg>browser=${BROWSER}</arg>
<doc>Opens a new browser instance to the optional ``url``.</doc>
<status status="PASS" start="2025-12-04T02:55:57.253650" elapsed="4.439839"/>
</kw>
<kw name="Maximize Browser Window" owner="SeleniumLibrary">
<doc>Maximizes current browser window.</doc>
<status status="PASS" start="2025-12-04T02:56:01.693980" elapsed="0.034688"/>
</kw>
<kw name="Wait Until Page Contains Element" owner="SeleniumLibrary">
<arg>${loginButton}</arg>
<arg>timeout=100</arg>
<arg>error=loginButtonNotFound</arg>
<doc>Waits until the element ``locator`` appears on the current page.</doc>
<status status="PASS" start="2025-12-04T02:56:01.729109" elapsed="0.037189"/>
</kw>
<kw name="Sleep" owner="BuiltIn">
<msg time="2025-12-04T02:56:04.767311" level="INFO">Slept 3 seconds.</msg>
<arg>3s</arg>
<doc>Pauses the test executed for the given time.</doc>
<status status="PASS" start="2025-12-04T02:56:01.766743" elapsed="3.000866"/>
</kw>
<kw name="Click Element" owner="SeleniumLibrary">
<msg time="2025-12-04T02:56:04.768570" level="INFO">Clicking element '//*[@id="login2"]'.</msg>
<arg>${loginButton}</arg>
<doc>Click the element identified by ``locator``.</doc>
<status status="PASS" start="2025-12-04T02:56:04.767991" elapsed="0.136665"/>
</kw>
<kw name="Wait Until Page Contains Element" owner="SeleniumLibrary">
<arg>${signUpUsernameField}</arg>
<arg>timeout=100</arg>
<arg>error=usernameFieldNotFound</arg>
<doc>Waits until the element ``locator`` appears on the current page.</doc>
<status status="PASS" start="2025-12-04T02:56:04.905174" elapsed="0.025069"/>
</kw>
<kw name="Sleep" owner="BuiltIn">
<msg time="2025-12-04T02:56:07.931385" level="INFO">Slept 3 seconds.</msg>
<arg>3s</arg>
<doc>Pauses the test executed for the given time.</doc>
<status status="PASS" start="2025-12-04T02:56:04.930749" elapsed="3.000997"/>
</kw>
<kw name="Input Text" owner="SeleniumLibrary">
<msg time="2025-12-04T02:56:07.933044" level="INFO">Typing text 'uali_amangaliyev_999' into text field '//*[@id="loginusername"]'.</msg>
<arg>${loginUsernameField}</arg>
<arg>${USERNAME_VARIABLE}</arg>
<doc>Types the given ``text`` into the text field identified by ``locator``.</doc>
<status status="PASS" start="2025-12-04T02:56:07.932213" elapsed="0.215072"/>
</kw>
<kw name="Input Password" owner="SeleniumLibrary">
<msg time="2025-12-04T02:56:08.148347" level="INFO">Typing password into text field '//*[@id="loginpassword"]'.</msg>
<msg time="2025-12-04T02:56:08.220884" level="INFO">Temporally setting log level to: NONE</msg>
<arg>${loginPasswordField}</arg>
<arg>${password}</arg>
<doc>Types the given password into the text field identified by ``locator``.</doc>
<status status="PASS" start="2025-12-04T02:56:08.147719" elapsed="0.156145"/>
</kw>
<kw name="Sleep" owner="BuiltIn">
<msg time="2025-12-04T02:56:11.304796" level="INFO">Slept 3 seconds.</msg>
<arg>3s</arg>
<doc>Pauses the test executed for the given time.</doc>
<status status="PASS" start="2025-12-04T02:56:08.304248" elapsed="3.000758"/>
</kw>
<kw name="Click Element" owner="SeleniumLibrary">
<msg time="2025-12-04T02:56:11.305806" level="INFO">Clicking element '//*[@id="logInModal"]/div/div/div[3]/button[2]'.</msg>
<arg>${loginFormSubmitButton}</arg>
<doc>Click the element identified by ``locator``.</doc>
<status status="PASS" start="2025-12-04T02:56:11.305315" elapsed="0.125121"/>
</kw>
<kw name="Sleep" owner="BuiltIn">
<msg time="2025-12-04T02:56:13.431484" level="INFO">Slept 2 seconds.</msg>
<arg>2s</arg>
<doc>Pauses the test executed for the given time.</doc>
<status status="PASS" start="2025-12-04T02:56:11.430868" elapsed="2.000926"/>
</kw>
<status status="PASS" start="2025-12-04T02:55:57.253368" elapsed="16.178680"/>
</kw>
<kw name="Wait Until Page Contains Element" owner="SeleniumLibrary">
<arg>${chooseCategoryButton}</arg>
<arg>timeout=100</arg>
<arg>error=chooseCategoryButtonNotFound</arg>
<doc>Waits until the element ``locator`` appears on the current page.</doc>
<status status="PASS" start="2025-12-04T02:56:13.432381" elapsed="0.026853"/>
</kw>
<kw name="Sleep" owner="BuiltIn">
<msg time="2025-12-04T02:56:16.460192" level="INFO">Slept 3 seconds.</msg>
<arg>3s</arg>
<doc>Pauses the test executed for the given time.</doc>
<status status="PASS" start="2025-12-04T02:56:13.459719" elapsed="3.000722"/>
</kw>
<kw name="Click Element" owner="SeleniumLibrary">
<msg time="2025-12-04T02:56:16.461335" level="INFO">Clicking element '//*[@id="contcont"]/div/div/div/a[1]'.</msg>
<arg>${chooseCategoryButton}</arg>
<doc>Click the element identified by ``locator``.</doc>
<status status="PASS" start="2025-12-04T02:56:16.460821" elapsed="0.189040"/>
</kw>
<kw name="Wait Until Page Contains Element" owner="SeleniumLibrary">
<arg>${chooseItemButton}</arg>
<arg>timeout=100</arg>
<arg>error=chooseItemButtonNotFound</arg>
<doc>Waits until the element ``locator`` appears on the current page.</doc>
<status status="PASS" start="2025-12-04T02:56:16.650178" elapsed="0.308521"/>
</kw>
<kw name="Sleep" owner="BuiltIn">
<msg time="2025-12-04T02:56:19.959651" level="INFO">Slept 3 seconds.</msg>
<arg>3s</arg>
<doc>Pauses the test executed for the given time.</doc>
<status status="PASS" start="2025-12-04T02:56:16.959042" elapsed="3.000826"/>
</kw>
<kw name="Click Element" owner="SeleniumLibrary">
<msg time="2025-12-04T02:56:19.960692" level="INFO">Clicking element '//*[@id="tbodyid"]/div[2]/div/a'.</msg>
<arg>${chooseItemButton}</arg>
<doc>Click the element identified by ``locator``.</doc>
<status status="PASS" start="2025-12-04T02:56:19.960211" elapsed="0.782840"/>
</kw>
<kw name="Wait Until Page Contains Element" owner="SeleniumLibrary">
<arg>${addToCartButton}</arg>
<arg>timeout=100</arg>
<arg>error=addToCartButtonNotFound</arg>
<doc>Waits until the element ``locator`` appears on the current page.</doc>
<status status="PASS" start="2025-12-04T02:56:20.743395" elapsed="0.504669"/>
</kw>
<kw name="Sleep" owner="BuiltIn">
<msg time="2025-12-04T02:56:24.249645" level="INFO">Slept 3 seconds.</msg>
<arg>3s</arg>
<doc>Pauses the test executed for the given time.</doc>
<status status="PASS" start="2025-12-04T02:56:21.248423" elapsed="3.001425"/>
</kw>
<kw name="Click Element" owner="SeleniumLibrary">
<msg time="2025-12-04T02:56:24.250612" level="INFO">Clicking element '//*[@id="tbodyid"]/div[2]/div/a'.</msg>
<arg>${addToCartButton}</arg>
<doc>Click the element identified by ``locator``.</doc>
<status status="PASS" start="2025-12-04T02:56:24.250148" elapsed="0.266299"/>
</kw>
<kw name="Sleep" owner="BuiltIn">
<msg time="2025-12-04T02:56:26.517382" level="INFO">Slept 2 seconds.</msg>
<arg>2s</arg>
<doc>Pauses the test executed for the given time.</doc>
<status status="PASS" start="2025-12-04T02:56:24.516967" elapsed="2.000606"/>
</kw>
<status status="PASS" start="2025-12-04T02:55:57.253011" elapsed="29.264724"/>
</kw>
<kw name="Make An Order And Payment" owner="resources">
<kw name="Log In" owner="resources">
<kw name="Open Browser" owner="SeleniumLibrary">
<msg time="2025-12-04T02:56:26.519410" level="INFO">Opening browser 'Chrome' to base url 'https://www.demoblaze.com/'.</msg>
<arg>${baseUrl}</arg>
<arg>browser=${BROWSER}</arg>
<doc>Opens a new browser instance to the optional ``url``.</doc>
<status status="PASS" start="2025-12-04T02:56:26.519049" elapsed="2.959862"/>
</kw>
<kw name="Maximize Browser Window" owner="SeleniumLibrary">
<doc>Maximizes current browser window.</doc>
<status status="PASS" start="2025-12-04T02:56:29.479244" elapsed="0.019761"/>
</kw>
<kw name="Wait Until Page Contains Element" owner="SeleniumLibrary">
<arg>${loginButton}</arg>
<arg>timeout=100</arg>
<arg>error=loginButtonNotFound</arg>
<doc>Waits until the element ``locator`` appears on the current page.</doc>
<status status="PASS" start="2025-12-04T02:56:29.499227" elapsed="0.021630"/>
</kw>
<kw name="Sleep" owner="BuiltIn">
<msg time="2025-12-04T02:56:32.521572" level="INFO">Slept 3 seconds.</msg>
<arg>3s</arg>
<doc>Pauses the test executed for the given time.</doc>
<status status="PASS" start="2025-12-04T02:56:29.521153" elapsed="3.000620"/>
</kw>
<kw name="Click Element" owner="SeleniumLibrary">
<msg time="2025-12-04T02:56:32.522550" level="INFO">Clicking element '//*[@id="login2"]'.</msg>
<arg>${loginButton}</arg>
<doc>Click the element identified by ``locator``.</doc>
<status status="PASS" start="2025-12-04T02:56:32.522086" elapsed="0.118461"/>
</kw>
<kw name="Wait Until Page Contains Element" owner="SeleniumLibrary">
<arg>${signUpUsernameField}</arg>
<arg>timeout=100</arg>
<arg>error=usernameFieldNotFound</arg>
<doc>Waits until the element ``locator`` appears on the current page.</doc>
<status status="PASS" start="2025-12-04T02:56:32.640904" elapsed="0.020663"/>
</kw>
<kw name="Sleep" owner="BuiltIn">
<msg time="2025-12-04T02:56:35.662322" level="INFO">Slept 3 seconds.</msg>
<arg>3s</arg>
<doc>Pauses the test executed for the given time.</doc>
<status status="PASS" start="2025-12-04T02:56:32.661851" elapsed="3.000769"/>
</kw>
<kw name="Input Text" owner="SeleniumLibrary">
<msg time="2025-12-04T02:56:35.663658" level="INFO">Typing text 'uali_amangaliyev_999' into text field '//*[@id="loginusername"]'.</msg>
<arg>${loginUsernameField}</arg>
<arg>${USERNAME_VARIABLE}</arg>
<doc>Types the given ``text`` into the text field identified by ``locator``.</doc>
<status status="PASS" start="2025-12-04T02:56:35.663005" elapsed="0.160224"/>
</kw>
<kw name="Input Password" owner="SeleniumLibrary">
<msg time="2025-12-04T02:56:35.824100" level="INFO">Typing password into text field '//*[@id="loginpassword"]'.</msg>
<msg time="2025-12-04T02:56:35.872384" level="INFO">Temporally setting log level to: NONE</msg>
<arg>${loginPasswordField}</arg>
<arg>${password}</arg>
<doc>Types the given password into the text field identified by ``locator``.</doc>
<status status="PASS" start="2025-12-04T02:56:35.823593" elapsed="0.110444"/>
</kw>
<kw name="Sleep" owner="BuiltIn">
<msg time="2025-12-04T02:56:38.934794" level="INFO">Slept 3 seconds.</msg>
<arg>3s</arg>
<doc>Pauses the test executed for the given time.</doc>
<status status="PASS" start="2025-12-04T02:56:35.934323" elapsed="3.000754"/>
</kw>
<kw name="Click Element" owner="SeleniumLibrary">
<msg time="2025-12-04T02:56:38.936055" level="INFO">Clicking element '//*[@id="logInModal"]/div/div/div[3]/button[2]'.</msg>
<arg>${loginFormSubmitButton}</arg>
<doc>Click the element identified by ``locator``.</doc>
<status status="PASS" start="2025-12-04T02:56:38.935463" elapsed="0.102262"/>
</kw>
<kw name="Sleep" owner="BuiltIn">
<msg time="2025-12-04T02:56:41.038433" level="INFO">Slept 2 seconds.</msg>
<arg>2s</arg>
<doc>Pauses the test executed for the given time.</doc>
<status status="PASS" start="2025-12-04T02:56:39.038000" elapsed="2.000626"/>
</kw>
<status status="PASS" start="2025-12-04T02:56:26.518679" elapsed="14.520109"/>
</kw>
<kw name="Wait Until Page Contains Element" owner="SeleniumLibrary">
<arg>${openCartButton}</arg>
<arg>timeout=100</arg>
<arg>error=openCartButtonNotFound</arg>
<doc>Waits until the element ``locator`` appears on the current page.</doc>
<status status="PASS" start="2025-12-04T02:56:41.039002" elapsed="0.016304"/>
</kw>
<kw name="Sleep" owner="BuiltIn">
<msg time="2025-12-04T02:56:44.056016" level="INFO">Slept 3 seconds.</msg>
<arg>3s</arg>
<doc>Pauses the test executed for the given time.</doc>
<status status="PASS" start="2025-12-04T02:56:41.055590" elapsed="3.000733"/>
</kw>
<kw name="Click Element" owner="SeleniumLibrary">
<msg time="2025-12-04T02:56:44.057301" level="INFO">Clicking element '//*[@id="cartur"]'.</msg>
<arg>${openCartButton}</arg>
<doc>Click the element identified by ``locator``.</doc>
<status status="PASS" start="2025-12-04T02:56:44.056747" elapsed="0.615676"/>
</kw>
<kw name="Wait Until Page Contains Element" owner="SeleniumLibrary">
<arg>${placeOrderButton}</arg>
<arg>timeout=100</arg>
<arg>error=placeOrderButtonNotFound</arg>
<doc>Waits until the element ``locator`` appears on the current page.</doc>
<status status="PASS" start="2025-12-04T02:56:44.672753" elapsed="0.073342"/>
</kw>
<kw name="Sleep" owner="BuiltIn">
<msg time="2025-12-04T02:56:47.746944" level="INFO">Slept 3 seconds.